<?xml version="1.0" encoding="UTF-8"?>
<!-- Generated by org.testng.reporters.JUnitReportReporter -->
<testsuite skipped="1" hostname="DESKTOP-8GU1FPD" name="com.sandeep.RESTFW.Testcases.VerifyChargeAPI" tests="3" failures="0" timestamp="13 Feb 2019 16:08:41 GMT" time="5.547" errors="0">
  <testcase name="verifyRetrieveCharge" time="3.153" classname="com.sandeep.RESTFW.Testcases.VerifyChargeAPI"/>
  <testcase name="verifyRetrieveAllCharge" time="2.394" classname="com.sandeep.RESTFW.Testcases.VerifyChargeAPI"/>
  <testcase name="verifyCreateCharge" classname="com.sandeep.RESTFW.Testcases.VerifyChargeAPI">
    <skipped/>
  </testcase> <!-- verifyCreateCharge -->
</testsuite> <!-- com.sandeep.RESTFW.Testcases.VerifyChargeAPI -->
