<?xml version="1.0" encoding="UTF-8"?>
<!-- Generated by org.testng.reporters.JUnitReportReporter -->
<testsuite skipped="6" hostname="DESKTOP-8GU1FPD" name="com.sandeep.RESTFW.Testcases.VerifyCreateCustomerAPI" tests="8" failures="0" timestamp="13 Jul 2020 17:02:12 GMT" time="5.717" errors="0">
  <testcase name="bodyexample" time="1.554" classname="com.sandeep.RESTFW.Testcases.VerifyCreateCustomerAPI"/>
  <testcase name="JsonBodyasJson" time="4.163" classname="com.sandeep.RESTFW.Testcases.VerifyCreateCustomerAPI"/>
  <testcase name="verifyCreateCustomer" classname="com.sandeep.RESTFW.Testcases.VerifyCreateCustomerAPI">
    <skipped/>
  </testcase> <!-- verifyCreateCustomer -->
  <testcase name="VerifyAllCustomer" classname="com.sandeep.RESTFW.Testcases.VerifyCreateCustomerAPI">
    <skipped/>
  </testcase> <!-- VerifyAllCustomer -->
  <testcase name="VerifyUpdateCustomer1" classname="com.sandeep.RESTFW.Testcases.VerifyCreateCustomerAPI">
    <skipped/>
  </testcase> <!-- VerifyUpdateCustomer1 -->
  <testcase name="VerifyUpdateCustomer" classname="com.sandeep.RESTFW.Testcases.VerifyCreateCustomerAPI">
    <skipped/>
  </testcase> <!-- VerifyUpdateCustomer -->
  <testcase name="VerifyDeleteCustomer" classname="com.sandeep.RESTFW.Testcases.VerifyCreateCustomerAPI">
    <skipped/>
  </testcase> <!-- VerifyDeleteCustomer -->
  <testcase name="VerifyRetrieveCustomer" classname="com.sandeep.RESTFW.Testcases.VerifyCreateCustomerAPI">
    <skipped/>
  </testcase> <!-- VerifyRetrieveCustomer -->
</testsuite> <!-- com.sandeep.RESTFW.Testcases.VerifyCreateCustomerAPI -->
