<?xml version="1.0" encoding="UTF-8"?>
<!-- Generated by org.testng.reporters.JUnitReportReporter -->
<testsuite skipped="0" hostname="DESKTOP-8GU1FPD" name="com.sandeep.RESTFW.Testcases.VerifyCreateCustomerAPI" tests="6" failures="0" timestamp="14 Jan 2019 05:07:36 GMT" time="17.173" errors="2">
  <testcase name="VerifyUpdateCustomer1" time="2.087" classname="com.sandeep.RESTFW.Testcases.VerifyCreateCustomerAPI"/>
  <testcase name="VerifyDeleteCustomer" time="2.897" classname="com.sandeep.RESTFW.Testcases.VerifyCreateCustomerAPI"/>
  <testcase name="verifyCreateCustomer" time="1.983" classname="com.sandeep.RESTFW.Testcases.VerifyCreateCustomerAPI"/>
  <testcase name="VerifyRetrieveCustomer" time="1.848" classname="com.sandeep.RESTFW.Testcases.VerifyCreateCustomerAPI"/>
  <testcase name="VerifyUpdateCustomer" time="2.028" classname="com.sandeep.RESTFW.Testcases.VerifyCreateCustomerAPI">
    <error type="com.fasterxml.jackson.databind.exc.UnrecognizedPropertyException" message="Unrecognized field &quot;error&quot; (class com.sandeep.RESTFW.POJOClasses.Customer), not marked as ignorable (18 known properties: &quot;discount&quot;, &quot;tax_info&quot;, &quot;invoice_prefix&quot;, &quot;created&quot;, &quot;account_balance&quot;, &quot;shipping&quot;, &quot;livemode&quot;, &quot;currency&quot;, &quot;subscriptions&quot;, &quot;delinquent&quot;, &quot;sources&quot;, &quot;default_source&quot;, &quot;id&quot;, &quot;email&quot;, &quot;object&quot;, &quot;metadata&quot;, &quot;tax_info_verification&quot;, &quot;description&quot;])
 at [Source: {
  &quot;error&quot;: {
    &quot;code&quot;: &quot;parameter_unknown&quot;,
    &quot;doc_url&quot;: &quot;https://stripe.com/docs/error-codes/parameter-unknown&quot;,
    &quot;message&quot;: &quot;Received unknown parameter: Customer for nisha@example.com&quot;,
    &quot;param&quot;: &quot;Customer for nisha@example.com&quot;,
    &quot;type&quot;: &quot;invalid_request_error&quot;
  }
}
; line: 2, column: 13] (through reference chain: com.sandeep.RESTFW.POJOClasses.Customer[&quot;error&quot;])">
      <![CDATA[com.fasterxml.jackson.databind.exc.UnrecognizedPropertyException: Unrecognized field "error" (class com.sandeep.RESTFW.POJOClasses.Customer), not marked as ignorable (18 known properties: "discount", "tax_info", "invoice_prefix", "created", "account_balance", "shipping", "livemode", "currency", "subscriptions", "delinquent", "sources", "default_source", "id", "email", "object", "metadata", "tax_info_verification", "description"])
 at [Source: {
  "error": {
    "code": "parameter_unknown",
    "doc_url": "https://stripe.com/docs/error-codes/parameter-unknown",
    "message": "Received unknown parameter: Customer for nisha@example.com",
    "param": "Customer for nisha@example.com",
    "type": "invalid_request_error"
  }
}
; line: 2, column: 13] (through reference chain: com.sandeep.RESTFW.POJOClasses.Customer["error"])
	at com.fasterxml.jackson.databind.exc.UnrecognizedPropertyException.from(UnrecognizedPropertyException.java:62)
	at com.fasterxml.jackson.databind.DeserializationContext.handleUnknownProperty(DeserializationContext.java:834)
	at com.fasterxml.jackson.databind.deser.std.StdDeserializer.handleUnknownProperty(StdDeserializer.java:1093)
	at com.fasterxml.jackson.databind.deser.BeanDeserializerBase.handleUnknownProperty(BeanDeserializerBase.java:1477)
	at com.fasterxml.jackson.databind.deser.BeanDeserializerBase.handleUnknownVanilla(BeanDeserializerBase.java:1455)
	at com.fasterxml.jackson.databind.deser.BeanDeserializer.vanillaDeserialize(BeanDeserializer.java:282)
	at com.fasterxml.jackson.databind.deser.BeanDeserializer.deserialize(BeanDeserializer.java:140)
	at com.fasterxml.jackson.databind.ObjectMapper._readMapAndClose(ObjectMapper.java:3798)
	at com.fasterxml.jackson.databind.ObjectMapper.readValue(ObjectMapper.java:2842)
	at com.sandeep.RESTFW.Testcases.VerifyCreateCustomerAPI.VerifyUpdateCustomer(VerifyCreateCustomerAPI.java:83)
	at sun.reflect.NativeMethodAccessorImpl.invoke0(Native Method)
	at sun.reflect.NativeMethodAccessorImpl.invoke(Unknown Source)
	at sun.reflect.DelegatingMethodAccessorImpl.invoke(Unknown Source)
	at java.lang.reflect.Method.invoke(Unknown Source)
	at org.testng.internal.MethodInvocationHelper.invokeMethod(MethodInvocationHelper.java:108)
	at org.testng.internal.Invoker.invokeMethod(Invoker.java:661)
	at org.testng.internal.Invoker.invokeTestMethod(Invoker.java:869)
	at org.testng.internal.Invoker.invokeTestMethods(Invoker.java:1193)
	at org.testng.internal.TestMethodWorker.invokeTestMethods(TestMethodWorker.java:126)
	at org.testng.internal.TestMethodWorker.run(TestMethodWorker.java:109)
	at org.testng.TestRunner.privateRun(TestRunner.java:744)
	at org.testng.TestRunner.run(TestRunner.java:602)
	at org.testng.SuiteRunner.runTest(SuiteRunner.java:380)
	at org.testng.SuiteRunner.runSequentially(SuiteRunner.java:375)
	at org.testng.SuiteRunner.privateRun(SuiteRunner.java:340)
	at org.testng.SuiteRunner.run(SuiteRunner.java:289)
	at org.testng.SuiteRunnerWorker.runSuite(SuiteRunnerWorker.java:52)
	at org.testng.SuiteRunnerWorker.run(SuiteRunnerWorker.java:86)
	at org.testng.TestNG.runSuitesSequentially(TestNG.java:1301)
	at org.testng.TestNG.runSuitesLocally(TestNG.java:1226)
	at org.testng.TestNG.runSuites(TestNG.java:1144)
	at org.testng.TestNG.run(TestNG.java:1115)
	at org.testng.remote.AbstractRemoteTestNG.run(AbstractRemoteTestNG.java:114)
	at org.testng.remote.RemoteTestNG.initAndRun(RemoteTestNG.java:251)
	at org.testng.remote.RemoteTestNG.main(RemoteTestNG.java:77)
]]>
    </error>
  </testcase> <!-- VerifyUpdateCustomer -->
  <testcase name="VerifyAllCustomer" time="6.330" classname="com.sandeep.RESTFW.Testcases.VerifyCreateCustomerAPI">
    <error type="com.fasterxml.jackson.databind.exc.UnrecognizedPropertyException" message="Unrecognized field &quot;data&quot; (class com.sandeep.RESTFW.POJOClasses.Customer), not marked as ignorable (18 known properties: &quot;discount&quot;, &quot;tax_info&quot;, &quot;invoice_prefix&quot;, &quot;created&quot;, &quot;account_balance&quot;, &quot;shipping&quot;, &quot;livemode&quot;, &quot;currency&quot;, &quot;subscriptions&quot;, &quot;delinquent&quot;, &quot;sources&quot;, &quot;default_source&quot;, &quot;id&quot;, &quot;email&quot;, &quot;object&quot;, &quot;metadata&quot;, &quot;tax_info_verification&quot;, &quot;description&quot;])
 at [Source: {
  &quot;object&quot;: &quot;list&quot;,
  &quot;data&quot;: [
    {
      &quot;id&quot;: &quot;cus_EL2vodhabCA9yD&quot;,
      &quot;object&quot;: &quot;customer&quot;,
      &quot;account_balance&quot;: 100000,
      &quot;created&quot;: 1547439219,
      &quot;currency&quot;: &quot;usd&quot;,
      &quot;default_source&quot;: null,
      &quot;delinquent&quot;: false,
      &quot;description&quot;: &quot;This is to check the run for multiple params from same column&quot;,
      &quot;discount&quot;: null,
      &quot;email&quot;: &quot;new1@gmail.com&quot;,
      &quot;invoice_prefix&quot;: &quot;6AC5109&quot;,
      &quot;livemode&quot;: false,
      &quot;metadata&quot;: {
      },
      &quot;shipping&quot;: null,
      &quot;sources&quot;: {
        &quot;object&quot;: &quot;list&quot;,
        &quot;data&quot;: [

        ],
        &quot;has_more&quot;: false,
        &quot;total_count&quot;: 0,
        &quot;url&quot;: &quot;/v1/customers/cus_EL2vodhabCA9yD/sources&quot;
      },
      &quot;subscriptions&quot;: {
        &quot;object&quot;: &quot;list&quot;,
        &quot;data&quot;: [

        ],
        &quot;has_more&quot;: false,
        &quot;total_count&quot;: 0,
        &quot;url&quot;: &quot;/v1/customers/cus_EL2vodhabCA9yD/subscriptions&quot;
      },
      &quot;tax_info&quot;: null,
      &quot;tax_info_verification&quot;: null
    },
    {
      &quot;id&quot;: &quot;cus_EL2tpmnxtj1mkD&quot;,
      &quot;object&quot;: &quot;customer&quot;,
      &quot;account_balance&quot;: 100000,
      &quot;created&quot;: 1547439086,
      &quot;currency&quot;: &quot;usd&quot;,
      &quot;default_source&quot;: null,
      &quot;delinquent&quot;: false,
      &quot;description&quot;: &quot;This is to check the run for multiple params from same column&quot;,
      &quot;discount&quot;: null,
      &quot;email&quot;: &quot;new1@gmail.com&quot;,
      &quot;invoice_prefix&quot;: &quot;825647C&quot;,
      &quot;livemode&quot;: false,
      &quot;metadata&quot;: {
      },
      &quot;shipping&quot;: null,
      &quot;sources&quot;: {
        &quot;object&quot;: &quot;list&quot;,
        &quot;data&quot;: [

        ],
        &quot;has_more&quot;: false,
        &quot;total_count&quot;: 0,
        &quot;url&quot;: &quot;/v1/customers/cus_EL2tpmnxtj1mkD/sources&quot;
      },
      &quot;subscriptions&quot;: {
        &quot;object&quot;: &quot;list&quot;,
        &quot;data&quot;: [

        ],
        &quot;has_more&quot;: false,
        &quot;total_count&quot;: 0,
        &quot;url&quot;: &quot;/v1/customers/cus_EL2tpmnxtj1mkD/subscriptions&quot;
      },
      &quot;tax_info&quot;: null,
      &quot;tax_info_verification&quot;: null
    },
    {
      &quot;id&quot;: &quot;cus_EL2psNbMo4Raa4&quot;,
      &quot;object&quot;: &quot;customer&quot;,
      &quot;account_balance&quot;: 100000,
      &quot;created&quot;: 1547438843,
      &quot;currency&quot;: &quot;usd&quot;,
      &quot;default_source&quot;: null,
      &quot;delinquent&quot;: false,
      &quot;description&quot;: &quot;This is to check the run for multiple params from same column&quot;,
      &quot;discount&quot;: null,
      &quot;email&quot;: &quot;new1@gmail.com&quot;,
      &quot;invoice_prefix&quot;: &quot;E0BDDD8&quot;,
      &quot;livemode&quot;: false,
      &quot;metadata&quot;: {
      },
      &quot;shipping&quot;: null,
      &quot;sources&quot;: {
        &quot;object&quot;: &quot;list&quot;,
        &quot;data&quot;: [

        ],
        &quot;has_more&quot;: false,
        &quot;total_count&quot;: 0,
        &quot;url&quot;: &quot;/v1/customers/cus_EL2psNbMo4Raa4/sources&quot;
      },
      &quot;subscriptions&quot;: {
        &quot;object&quot;: &quot;list&quot;,
        &quot;data&quot;: [

        ],
        &quot;has_more&quot;: false,
        &quot;total_count&quot;: 0,
        &quot;url&quot;: &quot;/v1/customers/cus_EL2psNbMo4Raa4/subscriptions&quot;
      },
      &quot;tax_info&quot;: null,
      &quot;tax_info_verification&quot;: null
    }
  ],
  &quot;has_more&quot;: true,
  &quot;url&quot;: &quot;/v1/customers&quot;
}
; line: 3, column: 12] (through reference chain: com.sandeep.RESTFW.POJOClasses.Customer[&quot;data&quot;])">
      <![CDATA[com.fasterxml.jackson.databind.exc.UnrecognizedPropertyException: Unrecognized field "data" (class com.sandeep.RESTFW.POJOClasses.Customer), not marked as ignorable (18 known properties: "discount", "tax_info", "invoice_prefix", "created", "account_balance", "shipping", "livemode", "currency", "subscriptions", "delinquent", "sources", "default_source", "id", "email", "object", "metadata", "tax_info_verification", "description"])
 at [Source: {
  "object": "list",
  "data": [
    {
      "id": "cus_EL2vodhabCA9yD",
      "object": "customer",
      "account_balance": 100000,
      "created": 1547439219,
      "currency": "usd",
      "default_source": null,
      "delinquent": false,
      "description": "This is to check the run for multiple params from same column",
      "discount": null,
      "email": "new1@gmail.com",
      "invoice_prefix": "6AC5109",
      "livemode": false,
      "metadata": {
      },
      "shipping": null,
      "sources": {
        "object": "list",
        "data": [

        ],
        "has_more": false,
        "total_count": 0,
        "url": "/v1/customers/cus_EL2vodhabCA9yD/sources"
      },
      "subscriptions": {
        "object": "list",
        "data": [

        ],
        "has_more": false,
        "total_count": 0,
        "url": "/v1/customers/cus_EL2vodhabCA9yD/subscriptions"
      },
      "tax_info": null,
      "tax_info_verification": null
    },
    {
      "id": "cus_EL2tpmnxtj1mkD",
      "object": "customer",
      "account_balance": 100000,
      "created": 1547439086,
      "currency": "usd",
      "default_source": null,
      "delinquent": false,
      "description": "This is to check the run for multiple params from same column",
      "discount": null,
      "email": "new1@gmail.com",
      "invoice_prefix": "825647C",
      "livemode": false,
      "metadata": {
      },
      "shipping": null,
      "sources": {
        "object": "list",
        "data": [

        ],
        "has_more": false,
        "total_count": 0,
        "url": "/v1/customers/cus_EL2tpmnxtj1mkD/sources"
      },
      "subscriptions": {
        "object": "list",
        "data": [

        ],
        "has_more": false,
        "total_count": 0,
        "url": "/v1/customers/cus_EL2tpmnxtj1mkD/subscriptions"
      },
      "tax_info": null,
      "tax_info_verification": null
    },
    {
      "id": "cus_EL2psNbMo4Raa4",
      "object": "customer",
      "account_balance": 100000,
      "created": 1547438843,
      "currency": "usd",
      "default_source": null,
      "delinquent": false,
      "description": "This is to check the run for multiple params from same column",
      "discount": null,
      "email": "new1@gmail.com",
      "invoice_prefix": "E0BDDD8",
      "livemode": false,
      "metadata": {
      },
      "shipping": null,
      "sources": {
        "object": "list",
        "data": [

        ],
        "has_more": false,
        "total_count": 0,
        "url": "/v1/customers/cus_EL2psNbMo4Raa4/sources"
      },
      "subscriptions": {
        "object": "list",
        "data": [

        ],
        "has_more": false,
        "total_count": 0,
        "url": "/v1/customers/cus_EL2psNbMo4Raa4/subscriptions"
      },
      "tax_info": null,
      "tax_info_verification": null
    }
  ],
  "has_more": true,
  "url": "/v1/customers"
}
; line: 3, column: 12] (through reference chain: com.sandeep.RESTFW.POJOClasses.Customer["data"])
	at com.fasterxml.jackson.databind.exc.UnrecognizedPropertyException.from(UnrecognizedPropertyException.java:62)
	at com.fasterxml.jackson.databind.DeserializationContext.handleUnknownProperty(DeserializationContext.java:834)
	at com.fasterxml.jackson.databind.deser.std.StdDeserializer.handleUnknownProperty(StdDeserializer.java:1093)
	at com.fasterxml.jackson.databind.deser.BeanDeserializerBase.handleUnknownProperty(BeanDeserializerBase.java:1477)
	at com.fasterxml.jackson.databind.deser.BeanDeserializerBase.handleUnknownVanilla(BeanDeserializerBase.java:1455)
	at com.fasterxml.jackson.databind.deser.BeanDeserializer.vanillaDeserialize(BeanDeserializer.java:282)
	at com.fasterxml.jackson.databind.deser.BeanDeserializer.deserialize(BeanDeserializer.java:140)
	at com.fasterxml.jackson.databind.ObjectMapper._readMapAndClose(ObjectMapper.java:3798)
	at com.fasterxml.jackson.databind.ObjectMapper.readValue(ObjectMapper.java:2842)
	at com.sandeep.RESTFW.Testcases.VerifyCreateCustomerAPI.VerifyAllCustomer(VerifyCreateCustomerAPI.java:109)
	at sun.reflect.NativeMethodAccessorImpl.invoke0(Native Method)
	at sun.reflect.NativeMethodAccessorImpl.invoke(Unknown Source)
	at sun.reflect.DelegatingMethodAccessorImpl.invoke(Unknown Source)
	at java.lang.reflect.Method.invoke(Unknown Source)
	at org.testng.internal.MethodInvocationHelper.invokeMethod(MethodInvocationHelper.java:108)
	at org.testng.internal.Invoker.invokeMethod(Invoker.java:661)
	at org.testng.internal.Invoker.invokeTestMethod(Invoker.java:869)
	at org.testng.internal.Invoker.invokeTestMethods(Invoker.java:1193)
	at org.testng.internal.TestMethodWorker.invokeTestMethods(TestMethodWorker.java:126)
	at org.testng.internal.TestMethodWorker.run(TestMethodWorker.java:109)
	at org.testng.TestRunner.privateRun(TestRunner.java:744)
	at org.testng.TestRunner.run(TestRunner.java:602)
	at org.testng.SuiteRunner.runTest(SuiteRunner.java:380)
	at org.testng.SuiteRunner.runSequentially(SuiteRunner.java:375)
	at org.testng.SuiteRunner.privateRun(SuiteRunner.java:340)
	at org.testng.SuiteRunner.run(SuiteRunner.java:289)
	at org.testng.SuiteRunnerWorker.runSuite(SuiteRunnerWorker.java:52)
	at org.testng.SuiteRunnerWorker.run(SuiteRunnerWorker.java:86)
	at org.testng.TestNG.runSuitesSequentially(TestNG.java:1301)
	at org.testng.TestNG.runSuitesLocally(TestNG.java:1226)
	at org.testng.TestNG.runSuites(TestNG.java:1144)
	at org.testng.TestNG.run(TestNG.java:1115)
	at org.testng.remote.AbstractRemoteTestNG.run(AbstractRemoteTestNG.java:114)
	at org.testng.remote.RemoteTestNG.initAndRun(RemoteTestNG.java:251)
	at org.testng.remote.RemoteTestNG.main(RemoteTestNG.java:77)
]]>
    </error>
  </testcase> <!-- VerifyAllCustomer -->
</testsuite> <!-- com.sandeep.RESTFW.Testcases.VerifyCreateCustomerAPI -->
