<?xml version="1.0" encoding="UTF-8"?>
<!-- Generated by org.testng.reporters.JUnitReportReporter -->
<testsuite skipped="0" hostname="DESKTOP-8GU1FPD" name="com.sandeep.RESTFW.Testcases.SampleTest" tests="3" failures="0" timestamp="16 Jul 2020 14:36:08 GMT" time="0.615" errors="0">
  <testcase name="check2" time="0.426" classname="com.sandeep.RESTFW.Testcases.SampleTest"/>
  <testcase name="check1" time="0.128" classname="com.sandeep.RESTFW.Testcases.SampleTest"/>
  <testcase name="check3" time="0.061" classname="com.sandeep.RESTFW.Testcases.SampleTest"/>
</testsuite> <!-- com.sandeep.RESTFW.Testcases.SampleTest -->
