<?xml version="1.0" encoding="UTF-8"?>
<!-- Generated by org.testng.reporters.JUnitReportReporter -->
<testsuite skipped="1" hostname="DESKTOP-8GU1FPD" name="com.sandeep.RESTFW.Testcases.VerifyChargeAPI" tests="3" failures="0" timestamp="13 Jul 2020 17:02:12 GMT" time="2.971" errors="1">
  <testcase name="verifyRetrieveCharge" time="1.311" classname="com.sandeep.RESTFW.Testcases.VerifyChargeAPI"/>
  <testcase name="verifyRetrieveAllCharge" time="1.660" classname="com.sandeep.RESTFW.Testcases.VerifyChargeAPI">
    <error type="com.fasterxml.jackson.databind.exc.UnrecognizedPropertyException" message="Unrecognized field &quot;billing_details&quot; (class com.sandeep.RESTFW.POJOClasses.Data), not marked as ignorable (39 known properties: &quot;application_fee_amount&quot;, &quot;failure_code&quot;, &quot;dispute&quot;, &quot;paid&quot;, &quot;destination&quot;, &quot;livemode&quot;, &quot;application&quot;, &quot;currency&quot;, &quot;failure_message&quot;, &quot;receipt_email&quot;, &quot;refunded&quot;, &quot;review&quot;, &quot;source&quot;, &quot;amount_refunded&quot;, &quot;on_behalf_of&quot;, &quot;fraud_details&quot;, &quot;receipt_url&quot;, &quot;transfer_group&quot;, &quot;invoice&quot;, &quot;shipping&quot;, &quot;metadata&quot;, &quot;receipt_number&quot;, &quot;status&quot;, &quot;payment_intent&quot;, &quot;balance_transaction&quot;, &quot;description&quot;, &quot;transfer_data&quot;, &quot;statement_descriptor&quot;, &quot;order&quot;, &quot;outcome&quot;, &quot;application_fee&quot;, &quot;amount&quot;, &quot;id&quot;, &quot;captured&quot;, &quot;created&quot;, &quot;refunds&quot;, &quot;object&quot;, &quot;source_transfer&quot;, &quot;customer&quot;])
 at [Source: {
  &quot;object&quot;: &quot;list&quot;,
  &quot;data&quot;: [
    {
      &quot;id&quot;: &quot;ch_1DwmqbJ06AnIpd2yFzynUBph&quot;,
      &quot;object&quot;: &quot;charge&quot;,
      &quot;amount&quot;: 100,
      &quot;amount_refunded&quot;: 0,
      &quot;application&quot;: null,
      &quot;application_fee&quot;: null,
      &quot;application_fee_amount&quot;: null,
      &quot;balance_transaction&quot;: &quot;txn_1DwmqbJ06AnIpd2yCgsR3cii&quot;,
      &quot;billing_details&quot;: {
        &quot;address&quot;: {
          &quot;city&quot;: null,
          &quot;country&quot;: null,
          &quot;line1&quot;: null,
          &quot;line2&quot;: null,
          &quot;postal_code&quot;: null,
          &quot;state&quot;: null
        },
        &quot;email&quot;: null,
        &quot;name&quot;: null,
        &quot;phone&quot;: null
      },
      &quot;calculated_statement_descriptor&quot;: null,
      &quot;captured&quot;: true,
      &quot;created&quot;: 1548492545,
      &quot;currency&quot;: &quot;usd&quot;,
      &quot;customer&quot;: null,
      &quot;description&quot;: &quot;This is to check the run for multiple params from same column&quot;,
      &quot;destination&quot;: null,
      &quot;dispute&quot;: null,
      &quot;disputed&quot;: false,
      &quot;failure_code&quot;: null,
      &quot;failure_message&quot;: null,
      &quot;fraud_details&quot;: {
      },
      &quot;invoice&quot;: null,
      &quot;livemode&quot;: false,
      &quot;metadata&quot;: {
      },
      &quot;on_behalf_of&quot;: null,
      &quot;order&quot;: null,
      &quot;outcome&quot;: {
        &quot;network_status&quot;: &quot;approved_by_network&quot;,
        &quot;reason&quot;: null,
        &quot;risk_level&quot;: &quot;normal&quot;,
        &quot;risk_score&quot;: 32,
        &quot;seller_message&quot;: &quot;Payment complete.&quot;,
        &quot;type&quot;: &quot;authorized&quot;
      },
      &quot;paid&quot;: true,
      &quot;payment_intent&quot;: null,
      &quot;payment_method&quot;: &quot;card_1DwmqbJ06AnIpd2yEC5pEfhn&quot;,
      &quot;payment_method_details&quot;: {
        &quot;card&quot;: {
          &quot;brand&quot;: &quot;mastercard&quot;,
          &quot;checks&quot;: {
            &quot;address_line1_check&quot;: null,
            &quot;address_postal_code_check&quot;: null,
            &quot;cvc_check&quot;: null
          },
          &quot;country&quot;: &quot;US&quot;,
          &quot;exp_month&quot;: 1,
          &quot;exp_year&quot;: 2020,
          &quot;fingerprint&quot;: &quot;ZEDma2oAYUXouRpL&quot;,
          &quot;funding&quot;: &quot;credit&quot;,
          &quot;installments&quot;: null,
          &quot;last4&quot;: &quot;4444&quot;,
          &quot;network&quot;: &quot;mastercard&quot;,
          &quot;three_d_secure&quot;: null,
          &quot;wallet&quot;: null
        },
        &quot;type&quot;: &quot;card&quot;
      },
      &quot;receipt_email&quot;: null,
      &quot;receipt_number&quot;: null,
      &quot;receipt_url&quot;: &quot;https://pay.stripe.com/receipts/acct_1DrbvqJ06AnIpd2y/ch_1DwmqbJ06AnIpd2yFzynUBph/rcpt_EPc4QduLpFp8oq3A00E9BuNB2TQbk5H&quot;,
      &quot;refunded&quot;: false,
      &quot;refunds&quot;: {
        &quot;object&quot;: &quot;list&quot;,
        &quot;data&quot;: [

        ],
        &quot;has_more&quot;: false,
        &quot;total_count&quot;: 0,
        &quot;url&quot;: &quot;/v1/charges/ch_1DwmqbJ06AnIpd2yFzynUBph/refunds&quot;
      },
      &quot;review&quot;: null,
      &quot;shipping&quot;: null,
      &quot;source&quot;: {
        &quot;id&quot;: &quot;card_1DwmqbJ06AnIpd2yEC5pEfhn&quot;,
        &quot;object&quot;: &quot;card&quot;,
        &quot;address_city&quot;: null,
        &quot;address_country&quot;: null,
        &quot;address_line1&quot;: null,
        &quot;address_line1_check&quot;: null,
        &quot;address_line2&quot;: null,
        &quot;address_state&quot;: null,
        &quot;address_zip&quot;: null,
        &quot;address_zip_check&quot;: null,
        &quot;brand&quot;: &quot;MasterCard&quot;,
        &quot;country&quot;: &quot;US&quot;,
        &quot;customer&quot;: null,
        &quot;cvc_check&quot;: null,
        &quot;dynamic_last4&quot;: null,
        &quot;exp_month&quot;: 1,
        &quot;exp_year&quot;: 2020,
        &quot;fingerprint&quot;: &quot;ZEDma2oAYUXouRpL&quot;,
        &quot;funding&quot;: &quot;credit&quot;,
        &quot;last4&quot;: &quot;4444&quot;,
        &quot;metadata&quot;: {
        },
        &quot;name&quot;: null,
        &quot;tokenization_method&quot;: null
      },
      &quot;source_transfer&quot;: null,
      &quot;statement_descriptor&quot;: null,
      &quot;statement_descriptor_suffix&quot;: null,
      &quot;status&quot;: &quot;succeeded&quot;,
      &quot;transfer_data&quot;: null,
      &quot;transfer_group&quot;: null
    },
    {
      &quot;id&quot;: &quot;ch_1DwmfkJ06AnIpd2yPPLsRCv9&quot;,
      &quot;object&quot;: &quot;charge&quot;,
      &quot;amount&quot;: 100,
      &quot;amount_refunded&quot;: 0,
      &quot;application&quot;: null,
      &quot;application_fee&quot;: null,
      &quot;application_fee_amount&quot;: null,
      &quot;balance_transaction&quot;: &quot;txn_1DwmfkJ06AnIpd2yQuVOOo4d&quot;,
      &quot;billing_details&quot;: {
        &quot;address&quot;: {
          &quot;city&quot;: null,
          &quot;country&quot;: null,
          &quot;line1&quot;: null,
          &quot;line2&quot;: null,
          &quot;postal_code&quot;: null,
          &quot;state&quot;: null
        },
        &quot;email&quot;: null,
        &quot;name&quot;: null,
        &quot;phone&quot;: null
      },
      &quot;calculated_statement_descriptor&quot;: null,
      &quot;captured&quot;: true,
      &quot;created&quot;: 1548491872,
      &quot;currency&quot;: &quot;usd&quot;,
      &quot;customer&quot;: null,
      &quot;description&quot;: &quot;This is to check the run for multiple params from same column&quot;,
      &quot;destination&quot;: null,
      &quot;dispute&quot;: null,
      &quot;disputed&quot;: false,
      &quot;failure_code&quot;: null,
      &quot;failure_message&quot;: null,
      &quot;fraud_details&quot;: {
      },
      &quot;invoice&quot;: null,
      &quot;livemode&quot;: false,
      &quot;metadata&quot;: {
      },
      &quot;on_behalf_of&quot;: null,
      &quot;order&quot;: null,
      &quot;outcome&quot;: {
        &quot;network_status&quot;: &quot;approved_by_network&quot;,
        &quot;reason&quot;: null,
        &quot;risk_level&quot;: &quot;normal&quot;,
        &quot;risk_score&quot;: 29,
        &quot;seller_message&quot;: &quot;Payment complete.&quot;,
        &quot;type&quot;: &quot;authorized&quot;
      },
      &quot;paid&quot;: true,
      &quot;payment_intent&quot;: null,
      &quot;payment_method&quot;: &quot;card_1DwmfkJ06AnIpd2yezROx3nU&quot;,
      &quot;payment_method_details&quot;: {
        &quot;card&quot;: {
          &quot;brand&quot;: &quot;mastercard&quot;,
          &quot;checks&quot;: {
            &quot;address_line1_check&quot;: null,
            &quot;address_postal_code_check&quot;: null,
            &quot;cvc_check&quot;: null
          },
          &quot;country&quot;: &quot;US&quot;,
          &quot;exp_month&quot;: 1,
          &quot;exp_year&quot;: 2020,
          &quot;fingerprint&quot;: &quot;ZEDma2oAYUXouRpL&quot;,
          &quot;funding&quot;: &quot;credit&quot;,
          &quot;installments&quot;: null,
          &quot;last4&quot;: &quot;4444&quot;,
          &quot;network&quot;: &quot;mastercard&quot;,
          &quot;three_d_secure&quot;: null,
          &quot;wallet&quot;: null
        },
        &quot;type&quot;: &quot;card&quot;
      },
      &quot;receipt_email&quot;: null,
      &quot;receipt_number&quot;: null,
      &quot;receipt_url&quot;: &quot;https://pay.stripe.com/receipts/acct_1DrbvqJ06AnIpd2y/ch_1DwmfkJ06AnIpd2yPPLsRCv9/rcpt_EPbtQ54bnTtXXyO9g6JomMULqMxNlro&quot;,
      &quot;refunded&quot;: false,
      &quot;refunds&quot;: {
        &quot;object&quot;: &quot;list&quot;,
        &quot;data&quot;: [

        ],
        &quot;has_more&quot;: false,
        &quot;total_count&quot;: 0,
        &quot;url&quot;: &quot;/v1/charges/ch_1DwmfkJ06AnIpd2yPPLsRCv9/refunds&quot;
      },
      &quot;review&quot;: null,
      &quot;shipping&quot;: null,
      &quot;source&quot;: {
        &quot;id&quot;: &quot;card_1DwmfkJ06AnIpd2yezROx3nU&quot;,
        &quot;object&quot;: &quot;card&quot;,
        &quot;address_city&quot;: null,
        &quot;address_country&quot;: null,
        &quot;address_line1&quot;: null,
        &quot;address_line1_check&quot;: null,
        &quot;address_line2&quot;: null,
        &quot;address_state&quot;: null,
        &quot;address_zip&quot;: null,
        &quot;address_zip_check&quot;: null,
        &quot;brand&quot;: &quot;MasterCard&quot;,
        &quot;country&quot;: &quot;US&quot;,
        &quot;customer&quot;: null,
        &quot;cvc_check&quot;: null,
        &quot;dynamic_last4&quot;: null,
        &quot;exp_month&quot;: 1,
        &quot;exp_year&quot;: 2020,
        &quot;fingerprint&quot;: &quot;ZEDma2oAYUXouRpL&quot;,
        &quot;funding&quot;: &quot;credit&quot;,
        &quot;last4&quot;: &quot;4444&quot;,
        &quot;metadata&quot;: {
        },
        &quot;name&quot;: null,
        &quot;tokenization_method&quot;: null
      },
      &quot;source_transfer&quot;: null,
      &quot;statement_descriptor&quot;: null,
      &quot;statement_descriptor_suffix&quot;: null,
      &quot;status&quot;: &quot;succeeded&quot;,
      &quot;transfer_data&quot;: null,
      &quot;transfer_group&quot;: null
    },
    {
      &quot;id&quot;: &quot;ch_1DwmEIJ06AnIpd2yImGegfeX&quot;,
      &quot;object&quot;: &quot;charge&quot;,
      &quot;amount&quot;: 100,
      &quot;amount_refunded&quot;: 0,
      &quot;application&quot;: null,
      &quot;application_fee&quot;: null,
      &quot;application_fee_amount&quot;: null,
      &quot;balance_transaction&quot;: &quot;txn_1DwmEIJ06AnIpd2yoycfdpLy&quot;,
      &quot;billing_details&quot;: {
        &quot;address&quot;: {
          &quot;city&quot;: null,
          &quot;country&quot;: null,
          &quot;line1&quot;: null,
          &quot;line2&quot;: null,
          &quot;postal_code&quot;: null,
          &quot;state&quot;: null
        },
        &quot;email&quot;: null,
        &quot;name&quot;: null,
        &quot;phone&quot;: null
      },
      &quot;calculated_statement_descriptor&quot;: null,
      &quot;captured&quot;: true,
      &quot;created&quot;: 1548490170,
      &quot;currency&quot;: &quot;usd&quot;,
      &quot;customer&quot;: null,
      &quot;description&quot;: &quot;This is to check the run for multiple params from same column&quot;,
      &quot;destination&quot;: null,
      &quot;dispute&quot;: null,
      &quot;disputed&quot;: false,
      &quot;failure_code&quot;: null,
      &quot;failure_message&quot;: null,
      &quot;fraud_details&quot;: {
      },
      &quot;invoice&quot;: null,
      &quot;livemode&quot;: false,
      &quot;metadata&quot;: {
      },
      &quot;on_behalf_of&quot;: null,
      &quot;order&quot;: null,
      &quot;outcome&quot;: {
        &quot;network_status&quot;: &quot;approved_by_network&quot;,
        &quot;reason&quot;: null,
        &quot;risk_level&quot;: &quot;normal&quot;,
        &quot;risk_score&quot;: 23,
        &quot;seller_message&quot;: &quot;Payment complete.&quot;,
        &quot;type&quot;: &quot;authorized&quot;
      },
      &quot;paid&quot;: true,
      &quot;payment_intent&quot;: null,
      &quot;payment_method&quot;: &quot;card_1DwmEIJ06AnIpd2yHBrxmmrU&quot;,
      &quot;payment_method_details&quot;: {
        &quot;card&quot;: {
          &quot;brand&quot;: &quot;mastercard&quot;,
          &quot;checks&quot;: {
            &quot;address_line1_check&quot;: null,
            &quot;address_postal_code_check&quot;: null,
            &quot;cvc_check&quot;: null
          },
          &quot;country&quot;: &quot;US&quot;,
          &quot;exp_month&quot;: 1,
          &quot;exp_year&quot;: 2020,
          &quot;fingerprint&quot;: &quot;ZEDma2oAYUXouRpL&quot;,
          &quot;funding&quot;: &quot;credit&quot;,
          &quot;installments&quot;: null,
          &quot;last4&quot;: &quot;4444&quot;,
          &quot;network&quot;: &quot;mastercard&quot;,
          &quot;three_d_secure&quot;: null,
          &quot;wallet&quot;: null
        },
        &quot;type&quot;: &quot;card&quot;
      },
      &quot;receipt_email&quot;: null,
      &quot;receipt_number&quot;: null,
      &quot;receipt_url&quot;: &quot;https://pay.stripe.com/receipts/acct_1DrbvqJ06AnIpd2y/ch_1DwmEIJ06AnIpd2yImGegfeX/rcpt_EPbRmalwml6hCUWpqxV6pqM1YXW6HLH&quot;,
      &quot;refunded&quot;: false,
      &quot;refunds&quot;: {
        &quot;object&quot;: &quot;list&quot;,
        &quot;data&quot;: [

        ],
        &quot;has_more&quot;: false,
        &quot;total_count&quot;: 0,
        &quot;url&quot;: &quot;/v1/charges/ch_1DwmEIJ06AnIpd2yImGegfeX/refunds&quot;
      },
      &quot;review&quot;: null,
      &quot;shipping&quot;: null,
      &quot;source&quot;: {
        &quot;id&quot;: &quot;card_1DwmEIJ06AnIpd2yHBrxmmrU&quot;,
        &quot;object&quot;: &quot;card&quot;,
        &quot;address_city&quot;: null,
        &quot;address_country&quot;: null,
        &quot;address_line1&quot;: null,
        &quot;address_line1_check&quot;: null,
        &quot;address_line2&quot;: null,
        &quot;address_state&quot;: null,
        &quot;address_zip&quot;: null,
        &quot;address_zip_check&quot;: null,
        &quot;brand&quot;: &quot;MasterCard&quot;,
        &quot;country&quot;: &quot;US&quot;,
        &quot;customer&quot;: null,
        &quot;cvc_check&quot;: null,
        &quot;dynamic_last4&quot;: null,
        &quot;exp_month&quot;: 1,
        &quot;exp_year&quot;: 2020,
        &quot;fingerprint&quot;: &quot;ZEDma2oAYUXouRpL&quot;,
        &quot;funding&quot;: &quot;credit&quot;,
        &quot;last4&quot;: &quot;4444&quot;,
        &quot;metadata&quot;: {
        },
        &quot;name&quot;: null,
        &quot;tokenization_method&quot;: null
      },
      &quot;source_transfer&quot;: null,
      &quot;statement_descriptor&quot;: null,
      &quot;statement_descriptor_suffix&quot;: null,
      &quot;status&quot;: &quot;succeeded&quot;,
      &quot;transfer_data&quot;: null,
      &quot;transfer_group&quot;: null
    }
  ],
  &quot;has_more&quot;: true,
  &quot;url&quot;: &quot;/v1/charges&quot;
}
; line: 13, column: 27] (through reference chain: com.sandeep.RESTFW.POJOClasses.AllnewCharges[&quot;data&quot;]-&gt;java.lang.Object[][0]-&gt;com.sandeep.RESTFW.POJOClasses.Data[&quot;billing_details&quot;])">
      <![CDATA[com.fasterxml.jackson.databind.exc.UnrecognizedPropertyException: Unrecognized field "billing_details" (class com.sandeep.RESTFW.POJOClasses.Data), not marked as ignorable (39 known properties: "application_fee_amount", "failure_code", "dispute", "paid", "destination", "livemode", "application", "currency", "failure_message", "receipt_email", "refunded", "review", "source", "amount_refunded", "on_behalf_of", "fraud_details", "receipt_url", "transfer_group", "invoice", "shipping", "metadata", "receipt_number", "status", "payment_intent", "balance_transaction", "description", "transfer_data", "statement_descriptor", "order", "outcome", "application_fee", "amount", "id", "captured", "created", "refunds", "object", "source_transfer", "customer"])
 at [Source: {
  "object": "list",
  "data": [
    {
      "id": "ch_1DwmqbJ06AnIpd2yFzynUBph",
      "object": "charge",
      "amount": 100,
      "amount_refunded": 0,
      "application": null,
      "application_fee": null,
      "application_fee_amount": null,
      "balance_transaction": "txn_1DwmqbJ06AnIpd2yCgsR3cii",
      "billing_details": {
        "address": {
          "city": null,
          "country": null,
          "line1": null,
          "line2": null,
          "postal_code": null,
          "state": null
        },
        "email": null,
        "name": null,
        "phone": null
      },
      "calculated_statement_descriptor": null,
      "captured": true,
      "created": 1548492545,
      "currency": "usd",
      "customer": null,
      "description": "This is to check the run for multiple params from same column",
      "destination": null,
      "dispute": null,
      "disputed": false,
      "failure_code": null,
      "failure_message": null,
      "fraud_details": {
      },
      "invoice": null,
      "livemode": false,
      "metadata": {
      },
      "on_behalf_of": null,
      "order": null,
      "outcome": {
        "network_status": "approved_by_network",
        "reason": null,
        "risk_level": "normal",
        "risk_score": 32,
        "seller_message": "Payment complete.",
        "type": "authorized"
      },
      "paid": true,
      "payment_intent": null,
      "payment_method": "card_1DwmqbJ06AnIpd2yEC5pEfhn",
      "payment_method_details": {
        "card": {
          "brand": "mastercard",
          "checks": {
            "address_line1_check": null,
            "address_postal_code_check": null,
            "cvc_check": null
          },
          "country": "US",
          "exp_month": 1,
          "exp_year": 2020,
          "fingerprint": "ZEDma2oAYUXouRpL",
          "funding": "credit",
          "installments": null,
          "last4": "4444",
          "network": "mastercard",
          "three_d_secure": null,
          "wallet": null
        },
        "type": "card"
      },
      "receipt_email": null,
      "receipt_number": null,
      "receipt_url": "https://pay.stripe.com/receipts/acct_1DrbvqJ06AnIpd2y/ch_1DwmqbJ06AnIpd2yFzynUBph/rcpt_EPc4QduLpFp8oq3A00E9BuNB2TQbk5H",
      "refunded": false,
      "refunds": {
        "object": "list",
        "data": [

        ],
        "has_more": false,
        "total_count": 0,
        "url": "/v1/charges/ch_1DwmqbJ06AnIpd2yFzynUBph/refunds"
      },
      "review": null,
      "shipping": null,
      "source": {
        "id": "card_1DwmqbJ06AnIpd2yEC5pEfhn",
        "object": "card",
        "address_city": null,
        "address_country": null,
        "address_line1": null,
        "address_line1_check": null,
        "address_line2": null,
        "address_state": null,
        "address_zip": null,
        "address_zip_check": null,
        "brand": "MasterCard",
        "country": "US",
        "customer": null,
        "cvc_check": null,
        "dynamic_last4": null,
        "exp_month": 1,
        "exp_year": 2020,
        "fingerprint": "ZEDma2oAYUXouRpL",
        "funding": "credit",
        "last4": "4444",
        "metadata": {
        },
        "name": null,
        "tokenization_method": null
      },
      "source_transfer": null,
      "statement_descriptor": null,
      "statement_descriptor_suffix": null,
      "status": "succeeded",
      "transfer_data": null,
      "transfer_group": null
    },
    {
      "id": "ch_1DwmfkJ06AnIpd2yPPLsRCv9",
      "object": "charge",
      "amount": 100,
      "amount_refunded": 0,
      "application": null,
      "application_fee": null,
      "application_fee_amount": null,
      "balance_transaction": "txn_1DwmfkJ06AnIpd2yQuVOOo4d",
      "billing_details": {
        "address": {
          "city": null,
          "country": null,
          "line1": null,
          "line2": null,
          "postal_code": null,
          "state": null
        },
        "email": null,
        "name": null,
        "phone": null
      },
      "calculated_statement_descriptor": null,
      "captured": true,
      "created": 1548491872,
      "currency": "usd",
      "customer": null,
      "description": "This is to check the run for multiple params from same column",
      "destination": null,
      "dispute": null,
      "disputed": false,
      "failure_code": null,
      "failure_message": null,
      "fraud_details": {
      },
      "invoice": null,
      "livemode": false,
      "metadata": {
      },
      "on_behalf_of": null,
      "order": null,
      "outcome": {
        "network_status": "approved_by_network",
        "reason": null,
        "risk_level": "normal",
        "risk_score": 29,
        "seller_message": "Payment complete.",
        "type": "authorized"
      },
      "paid": true,
      "payment_intent": null,
      "payment_method": "card_1DwmfkJ06AnIpd2yezROx3nU",
      "payment_method_details": {
        "card": {
          "brand": "mastercard",
          "checks": {
            "address_line1_check": null,
            "address_postal_code_check": null,
            "cvc_check": null
          },
          "country": "US",
          "exp_month": 1,
          "exp_year": 2020,
          "fingerprint": "ZEDma2oAYUXouRpL",
          "funding": "credit",
          "installments": null,
          "last4": "4444",
          "network": "mastercard",
          "three_d_secure": null,
          "wallet": null
        },
        "type": "card"
      },
      "receipt_email": null,
      "receipt_number": null,
      "receipt_url": "https://pay.stripe.com/receipts/acct_1DrbvqJ06AnIpd2y/ch_1DwmfkJ06AnIpd2yPPLsRCv9/rcpt_EPbtQ54bnTtXXyO9g6JomMULqMxNlro",
      "refunded": false,
      "refunds": {
        "object": "list",
        "data": [

        ],
        "has_more": false,
        "total_count": 0,
        "url": "/v1/charges/ch_1DwmfkJ06AnIpd2yPPLsRCv9/refunds"
      },
      "review": null,
      "shipping": null,
      "source": {
        "id": "card_1DwmfkJ06AnIpd2yezROx3nU",
        "object": "card",
        "address_city": null,
        "address_country": null,
        "address_line1": null,
        "address_line1_check": null,
        "address_line2": null,
        "address_state": null,
        "address_zip": null,
        "address_zip_check": null,
        "brand": "MasterCard",
        "country": "US",
        "customer": null,
        "cvc_check": null,
        "dynamic_last4": null,
        "exp_month": 1,
        "exp_year": 2020,
        "fingerprint": "ZEDma2oAYUXouRpL",
        "funding": "credit",
        "last4": "4444",
        "metadata": {
        },
        "name": null,
        "tokenization_method": null
      },
      "source_transfer": null,
      "statement_descriptor": null,
      "statement_descriptor_suffix": null,
      "status": "succeeded",
      "transfer_data": null,
      "transfer_group": null
    },
    {
      "id": "ch_1DwmEIJ06AnIpd2yImGegfeX",
      "object": "charge",
      "amount": 100,
      "amount_refunded": 0,
      "application": null,
      "application_fee": null,
      "application_fee_amount": null,
      "balance_transaction": "txn_1DwmEIJ06AnIpd2yoycfdpLy",
      "billing_details": {
        "address": {
          "city": null,
          "country": null,
          "line1": null,
          "line2": null,
          "postal_code": null,
          "state": null
        },
        "email": null,
        "name": null,
        "phone": null
      },
      "calculated_statement_descriptor": null,
      "captured": true,
      "created": 1548490170,
      "currency": "usd",
      "customer": null,
      "description": "This is to check the run for multiple params from same column",
      "destination": null,
      "dispute": null,
      "disputed": false,
      "failure_code": null,
      "failure_message": null,
      "fraud_details": {
      },
      "invoice": null,
      "livemode": false,
      "metadata": {
      },
      "on_behalf_of": null,
      "order": null,
      "outcome": {
        "network_status": "approved_by_network",
        "reason": null,
        "risk_level": "normal",
        "risk_score": 23,
        "seller_message": "Payment complete.",
        "type": "authorized"
      },
      "paid": true,
      "payment_intent": null,
      "payment_method": "card_1DwmEIJ06AnIpd2yHBrxmmrU",
      "payment_method_details": {
        "card": {
          "brand": "mastercard",
          "checks": {
            "address_line1_check": null,
            "address_postal_code_check": null,
            "cvc_check": null
          },
          "country": "US",
          "exp_month": 1,
          "exp_year": 2020,
          "fingerprint": "ZEDma2oAYUXouRpL",
          "funding": "credit",
          "installments": null,
          "last4": "4444",
          "network": "mastercard",
          "three_d_secure": null,
          "wallet": null
        },
        "type": "card"
      },
      "receipt_email": null,
      "receipt_number": null,
      "receipt_url": "https://pay.stripe.com/receipts/acct_1DrbvqJ06AnIpd2y/ch_1DwmEIJ06AnIpd2yImGegfeX/rcpt_EPbRmalwml6hCUWpqxV6pqM1YXW6HLH",
      "refunded": false,
      "refunds": {
        "object": "list",
        "data": [

        ],
        "has_more": false,
        "total_count": 0,
        "url": "/v1/charges/ch_1DwmEIJ06AnIpd2yImGegfeX/refunds"
      },
      "review": null,
      "shipping": null,
      "source": {
        "id": "card_1DwmEIJ06AnIpd2yHBrxmmrU",
        "object": "card",
        "address_city": null,
        "address_country": null,
        "address_line1": null,
        "address_line1_check": null,
        "address_line2": null,
        "address_state": null,
        "address_zip": null,
        "address_zip_check": null,
        "brand": "MasterCard",
        "country": "US",
        "customer": null,
        "cvc_check": null,
        "dynamic_last4": null,
        "exp_month": 1,
        "exp_year": 2020,
        "fingerprint": "ZEDma2oAYUXouRpL",
        "funding": "credit",
        "last4": "4444",
        "metadata": {
        },
        "name": null,
        "tokenization_method": null
      },
      "source_transfer": null,
      "statement_descriptor": null,
      "statement_descriptor_suffix": null,
      "status": "succeeded",
      "transfer_data": null,
      "transfer_group": null
    }
  ],
  "has_more": true,
  "url": "/v1/charges"
}
; line: 13, column: 27] (through reference chain: com.sandeep.RESTFW.POJOClasses.AllnewCharges["data"]->java.lang.Object[][0]->com.sandeep.RESTFW.POJOClasses.Data["billing_details"])
	at com.fasterxml.jackson.databind.exc.UnrecognizedPropertyException.from(UnrecognizedPropertyException.java:62)
	at com.fasterxml.jackson.databind.DeserializationContext.handleUnknownProperty(DeserializationContext.java:834)
	at com.fasterxml.jackson.databind.deser.std.StdDeserializer.handleUnknownProperty(StdDeserializer.java:1093)
	at com.fasterxml.jackson.databind.deser.BeanDeserializerBase.handleUnknownProperty(BeanDeserializerBase.java:1489)
	at com.fasterxml.jackson.databind.deser.BeanDeserializerBase.handleUnknownVanilla(BeanDeserializerBase.java:1467)
	at com.fasterxml.jackson.databind.deser.BeanDeserializer.vanillaDeserialize(BeanDeserializer.java:282)
	at com.fasterxml.jackson.databind.deser.BeanDeserializer.deserialize(BeanDeserializer.java:140)
	at com.fasterxml.jackson.databind.deser.std.ObjectArrayDeserializer.deserialize(ObjectArrayDeserializer.java:196)
	at com.fasterxml.jackson.databind.deser.std.ObjectArrayDeserializer.deserialize(ObjectArrayDeserializer.java:20)
	at com.fasterxml.jackson.databind.deser.SettableBeanProperty.deserialize(SettableBeanProperty.java:504)
	at com.fasterxml.jackson.databind.deser.impl.MethodProperty.deserializeAndSet(MethodProperty.java:104)
	at com.fasterxml.jackson.databind.deser.BeanDeserializer.vanillaDeserialize(BeanDeserializer.java:276)
	at com.fasterxml.jackson.databind.deser.BeanDeserializer.deserialize(BeanDeserializer.java:140)
	at com.fasterxml.jackson.databind.ObjectMapper._readMapAndClose(ObjectMapper.java:3814)
	at com.fasterxml.jackson.databind.ObjectMapper.readValue(ObjectMapper.java:2858)
	at com.sandeep.RESTFW.Testcases.VerifyChargeAPI.verifyRetrieveAllCharge(VerifyChargeAPI.java:103)
	at sun.reflect.NativeMethodAccessorImpl.invoke0(Native Method)
	at sun.reflect.NativeMethodAccessorImpl.invoke(Unknown Source)
	at sun.reflect.DelegatingMethodAccessorImpl.invoke(Unknown Source)
	at java.lang.reflect.Method.invoke(Unknown Source)
	at org.testng.internal.MethodInvocationHelper.invokeMethod(MethodInvocationHelper.java:108)
	at org.testng.internal.Invoker.invokeMethod(Invoker.java:661)
	at org.testng.internal.Invoker.invokeTestMethod(Invoker.java:869)
	at org.testng.internal.Invoker.invokeTestMethods(Invoker.java:1193)
	at org.testng.internal.TestMethodWorker.invokeTestMethods(TestMethodWorker.java:126)
	at org.testng.internal.TestMethodWorker.run(TestMethodWorker.java:109)
	at org.testng.TestRunner.privateRun(TestRunner.java:744)
	at org.testng.TestRunner.run(TestRunner.java:602)
	at org.testng.SuiteRunner.runTest(SuiteRunner.java:380)
	at org.testng.SuiteRunner.runSequentially(SuiteRunner.java:375)
	at org.testng.SuiteRunner.privateRun(SuiteRunner.java:340)
	at org.testng.SuiteRunner.run(SuiteRunner.java:289)
	at org.testng.SuiteRunnerWorker.runSuite(SuiteRunnerWorker.java:52)
	at org.testng.SuiteRunnerWorker.run(SuiteRunnerWorker.java:86)
	at org.testng.TestNG.runSuitesSequentially(TestNG.java:1301)
	at org.testng.TestNG.runSuitesLocally(TestNG.java:1226)
	at org.testng.TestNG.runSuites(TestNG.java:1144)
	at org.testng.TestNG.run(TestNG.java:1115)
	at org.testng.remote.AbstractRemoteTestNG.run(AbstractRemoteTestNG.java:114)
	at org.testng.remote.RemoteTestNG.initAndRun(RemoteTestNG.java:251)
	at org.testng.remote.RemoteTestNG.main(RemoteTestNG.java:77)
]]>
    </error>
  </testcase> <!-- verifyRetrieveAllCharge -->
  <testcase name="verifyCreateCharge" classname="com.sandeep.RESTFW.Testcases.VerifyChargeAPI">
    <skipped/>
  </testcase> <!-- verifyCreateCharge -->
</testsuite> <!-- com.sandeep.RESTFW.Testcases.VerifyChargeAPI -->
